TN:
SF:d:\Learn\mProgram-TDD-copy\src\calculator\calculator.js
FN:5,calculator
FN:7,(anonymous_1)
FN:8,(anonymous_2)
FN:9,(anonymous_3)
FN:10,(anonymous_4)
FN:13,(anonymous_5)
FNF:6
FNH:6
FNDA:1,calculator
FNDA:3,(anonymous_1)
FNDA:1,(anonymous_2)
FNDA:1,(anonymous_3)
FNDA:1,(anonymous_4)
FNDA:10,(anonymous_5)
DA:3,1
DA:6,1
DA:7,3
DA:8,1
DA:9,1
DA:10,1
DA:13,1
DA:14,10
DA:15,10
DA:16,9
DA:18,6
DA:19,6
DA:20,6
DA:22,6
DA:24,6
DA:27,1
LF:16
LH:16
BRDA:15,0,0,1
BRDA:15,0,1,9
BRDA:16,1,0,3
BRDA:16,1,1,6
BRDA:22,2,0,0
BRDA:22,2,1,6
BRDA:22,3,0,6
BRDA:22,3,1,6
BRDA:22,3,2,6
BRF:9
BRH:8
end_of_record
